C:\Program Files\Microsoft Visual Studio\18\Community\MSBuild\Microsoft\VC\v180\Microsoft.CppBuild.targets(548,5): warning MSB8028: The intermediate directory (x64\Debug\) contains files shared from another project (teste.vcxproj).  This can lead to incorrect clean and rebuild behavior.
  Renderizacao.cpp
C:\Users\ritaa\Desktop\ESTGL\EIT\Estrutura-Dados-Algoritmos\DiogoRafain\batalha-naval-cpp\MestreDasAguas\MestreDasAguas\Renderizacao.cpp(8,85): warning C4244: 'argumento': conversão de 'int' para 'T', possível perda de dados
C:\Users\ritaa\Desktop\ESTGL\EIT\Estrutura-Dados-Algoritmos\DiogoRafain\batalha-naval-cpp\MestreDasAguas\MestreDasAguas\Renderizacao.cpp(8,85): warning C4244:         with
C:\Users\ritaa\Desktop\ESTGL\EIT\Estrutura-Dados-Algoritmos\DiogoRafain\batalha-naval-cpp\MestreDasAguas\MestreDasAguas\Renderizacao.cpp(8,85): warning C4244:         [
C:\Users\ritaa\Desktop\ESTGL\EIT\Estrutura-Dados-Algoritmos\DiogoRafain\batalha-naval-cpp\MestreDasAguas\MestreDasAguas\Renderizacao.cpp(8,85): warning C4244:             T=float
C:\Users\ritaa\Desktop\ESTGL\EIT\Estrutura-Dados-Algoritmos\DiogoRafain\batalha-naval-cpp\MestreDasAguas\MestreDasAguas\Renderizacao.cpp(8,85): warning C4244:         ]
C:\Users\ritaa\Desktop\ESTGL\EIT\Estrutura-Dados-Algoritmos\DiogoRafain\batalha-naval-cpp\MestreDasAguas\MestreDasAguas\Renderizacao.cpp(8,55): warning C4244: 'argumento': conversão de 'int' para 'T', possível perda de dados
C:\Users\ritaa\Desktop\ESTGL\EIT\Estrutura-Dados-Algoritmos\DiogoRafain\batalha-naval-cpp\MestreDasAguas\MestreDasAguas\Renderizacao.cpp(8,55): warning C4244:         with
C:\Users\ritaa\Desktop\ESTGL\EIT\Estrutura-Dados-Algoritmos\DiogoRafain\batalha-naval-cpp\MestreDasAguas\MestreDasAguas\Renderizacao.cpp(8,55): warning C4244:         [
C:\Users\ritaa\Desktop\ESTGL\EIT\Estrutura-Dados-Algoritmos\DiogoRafain\batalha-naval-cpp\MestreDasAguas\MestreDasAguas\Renderizacao.cpp(8,55): warning C4244:             T=float
C:\Users\ritaa\Desktop\ESTGL\EIT\Estrutura-Dados-Algoritmos\DiogoRafain\batalha-naval-cpp\MestreDasAguas\MestreDasAguas\Renderizacao.cpp(8,55): warning C4244:         ]
C:\Users\ritaa\Desktop\ESTGL\EIT\Estrutura-Dados-Algoritmos\DiogoRafain\batalha-naval-cpp\MestreDasAguas\MestreDasAguas\Renderizacao.cpp(33,98): warning C4244: 'argumento': conversão de 'int' para 'T', possível perda de dados
C:\Users\ritaa\Desktop\ESTGL\EIT\Estrutura-Dados-Algoritmos\DiogoRafain\batalha-naval-cpp\MestreDasAguas\MestreDasAguas\Renderizacao.cpp(33,98): warning C4244:         with
C:\Users\ritaa\Desktop\ESTGL\EIT\Estrutura-Dados-Algoritmos\DiogoRafain\batalha-naval-cpp\MestreDasAguas\MestreDasAguas\Renderizacao.cpp(33,98): warning C4244:         [
C:\Users\ritaa\Desktop\ESTGL\EIT\Estrutura-Dados-Algoritmos\DiogoRafain\batalha-naval-cpp\MestreDasAguas\MestreDasAguas\Renderizacao.cpp(33,98): warning C4244:             T=float
C:\Users\ritaa\Desktop\ESTGL\EIT\Estrutura-Dados-Algoritmos\DiogoRafain\batalha-naval-cpp\MestreDasAguas\MestreDasAguas\Renderizacao.cpp(33,98): warning C4244:         ]
C:\Users\ritaa\Desktop\ESTGL\EIT\Estrutura-Dados-Algoritmos\DiogoRafain\batalha-naval-cpp\MestreDasAguas\MestreDasAguas\Renderizacao.cpp(33,68): warning C4244: 'argumento': conversão de 'int' para 'T', possível perda de dados
C:\Users\ritaa\Desktop\ESTGL\EIT\Estrutura-Dados-Algoritmos\DiogoRafain\batalha-naval-cpp\MestreDasAguas\MestreDasAguas\Renderizacao.cpp(33,68): warning C4244:         with
C:\Users\ritaa\Desktop\ESTGL\EIT\Estrutura-Dados-Algoritmos\DiogoRafain\batalha-naval-cpp\MestreDasAguas\MestreDasAguas\Renderizacao.cpp(33,68): warning C4244:         [
C:\Users\ritaa\Desktop\ESTGL\EIT\Estrutura-Dados-Algoritmos\DiogoRafain\batalha-naval-cpp\MestreDasAguas\MestreDasAguas\Renderizacao.cpp(33,68): warning C4244:             T=float
C:\Users\ritaa\Desktop\ESTGL\EIT\Estrutura-Dados-Algoritmos\DiogoRafain\batalha-naval-cpp\MestreDasAguas\MestreDasAguas\Renderizacao.cpp(33,68): warning C4244:         ]
C:\Users\ritaa\Desktop\ESTGL\EIT\Estrutura-Dados-Algoritmos\DiogoRafain\batalha-naval-cpp\MestreDasAguas\MestreDasAguas\Renderizacao.cpp(56,98): warning C4244: 'argumento': conversão de 'int' para 'T', possível perda de dados
C:\Users\ritaa\Desktop\ESTGL\EIT\Estrutura-Dados-Algoritmos\DiogoRafain\batalha-naval-cpp\MestreDasAguas\MestreDasAguas\Renderizacao.cpp(56,98): warning C4244:         with
C:\Users\ritaa\Desktop\ESTGL\EIT\Estrutura-Dados-Algoritmos\DiogoRafain\batalha-naval-cpp\MestreDasAguas\MestreDasAguas\Renderizacao.cpp(56,98): warning C4244:         [
C:\Users\ritaa\Desktop\ESTGL\EIT\Estrutura-Dados-Algoritmos\DiogoRafain\batalha-naval-cpp\MestreDasAguas\MestreDasAguas\Renderizacao.cpp(56,98): warning C4244:             T=float
C:\Users\ritaa\Desktop\ESTGL\EIT\Estrutura-Dados-Algoritmos\DiogoRafain\batalha-naval-cpp\MestreDasAguas\MestreDasAguas\Renderizacao.cpp(56,98): warning C4244:         ]
C:\Users\ritaa\Desktop\ESTGL\EIT\Estrutura-Dados-Algoritmos\DiogoRafain\batalha-naval-cpp\MestreDasAguas\MestreDasAguas\Renderizacao.cpp(56,68): warning C4244: 'argumento': conversão de 'int' para 'T', possível perda de dados
C:\Users\ritaa\Desktop\ESTGL\EIT\Estrutura-Dados-Algoritmos\DiogoRafain\batalha-naval-cpp\MestreDasAguas\MestreDasAguas\Renderizacao.cpp(56,68): warning C4244:         with
C:\Users\ritaa\Desktop\ESTGL\EIT\Estrutura-Dados-Algoritmos\DiogoRafain\batalha-naval-cpp\MestreDasAguas\MestreDasAguas\Renderizacao.cpp(56,68): warning C4244:         [
C:\Users\ritaa\Desktop\ESTGL\EIT\Estrutura-Dados-Algoritmos\DiogoRafain\batalha-naval-cpp\MestreDasAguas\MestreDasAguas\Renderizacao.cpp(56,68): warning C4244:             T=float
C:\Users\ritaa\Desktop\ESTGL\EIT\Estrutura-Dados-Algoritmos\DiogoRafain\batalha-naval-cpp\MestreDasAguas\MestreDasAguas\Renderizacao.cpp(56,68): warning C4244:         ]
C:\Users\ritaa\Desktop\ESTGL\EIT\Estrutura-Dados-Algoritmos\DiogoRafain\batalha-naval-cpp\MestreDasAguas\MestreDasAguas\Renderizacao.cpp(93,34): warning C4244: 'argumento': conversão de 'int' para 'T', possível perda de dados
C:\Users\ritaa\Desktop\ESTGL\EIT\Estrutura-Dados-Algoritmos\DiogoRafain\batalha-naval-cpp\MestreDasAguas\MestreDasAguas\Renderizacao.cpp(93,34): warning C4244:         with
C:\Users\ritaa\Desktop\ESTGL\EIT\Estrutura-Dados-Algoritmos\DiogoRafain\batalha-naval-cpp\MestreDasAguas\MestreDasAguas\Renderizacao.cpp(93,34): warning C4244:         [
C:\Users\ritaa\Desktop\ESTGL\EIT\Estrutura-Dados-Algoritmos\DiogoRafain\batalha-naval-cpp\MestreDasAguas\MestreDasAguas\Renderizacao.cpp(93,34): warning C4244:             T=float
C:\Users\ritaa\Desktop\ESTGL\EIT\Estrutura-Dados-Algoritmos\DiogoRafain\batalha-naval-cpp\MestreDasAguas\MestreDasAguas\Renderizacao.cpp(93,34): warning C4244:         ]
C:\Users\ritaa\Desktop\ESTGL\EIT\Estrutura-Dados-Algoritmos\DiogoRafain\batalha-naval-cpp\MestreDasAguas\MestreDasAguas\Renderizacao.cpp(93,31): warning C4244: 'argumento': conversão de 'int' para 'T', possível perda de dados
C:\Users\ritaa\Desktop\ESTGL\EIT\Estrutura-Dados-Algoritmos\DiogoRafain\batalha-naval-cpp\MestreDasAguas\MestreDasAguas\Renderizacao.cpp(93,31): warning C4244:         with
C:\Users\ritaa\Desktop\ESTGL\EIT\Estrutura-Dados-Algoritmos\DiogoRafain\batalha-naval-cpp\MestreDasAguas\MestreDasAguas\Renderizacao.cpp(93,31): warning C4244:         [
C:\Users\ritaa\Desktop\ESTGL\EIT\Estrutura-Dados-Algoritmos\DiogoRafain\batalha-naval-cpp\MestreDasAguas\MestreDasAguas\Renderizacao.cpp(93,31): warning C4244:             T=float
C:\Users\ritaa\Desktop\ESTGL\EIT\Estrutura-Dados-Algoritmos\DiogoRafain\batalha-naval-cpp\MestreDasAguas\MestreDasAguas\Renderizacao.cpp(93,31): warning C4244:         ]
C:\Users\ritaa\Desktop\ESTGL\EIT\Estrutura-Dados-Algoritmos\DiogoRafain\batalha-naval-cpp\MestreDasAguas\MestreDasAguas\Renderizacao.cpp(109,19): warning C4244: 'inicializando': conversão de 'int' para 'float', possível perda de dados
C:\Users\ritaa\Desktop\ESTGL\EIT\Estrutura-Dados-Algoritmos\DiogoRafain\batalha-naval-cpp\MestreDasAguas\MestreDasAguas\Renderizacao.cpp(110,18): warning C4244: 'inicializando': conversão de 'int' para 'float', possível perda de dados
C:\Users\ritaa\Desktop\ESTGL\EIT\Estrutura-Dados-Algoritmos\DiogoRafain\batalha-naval-cpp\MestreDasAguas\MestreDasAguas\Renderizacao.cpp(117,68): warning C4244: 'argumento': conversão de 'int' para 'T', possível perda de dados
C:\Users\ritaa\Desktop\ESTGL\EIT\Estrutura-Dados-Algoritmos\DiogoRafain\batalha-naval-cpp\MestreDasAguas\MestreDasAguas\Renderizacao.cpp(117,68): warning C4244:         with
C:\Users\ritaa\Desktop\ESTGL\EIT\Estrutura-Dados-Algoritmos\DiogoRafain\batalha-naval-cpp\MestreDasAguas\MestreDasAguas\Renderizacao.cpp(117,68): warning C4244:         [
C:\Users\ritaa\Desktop\ESTGL\EIT\Estrutura-Dados-Algoritmos\DiogoRafain\batalha-naval-cpp\MestreDasAguas\MestreDasAguas\Renderizacao.cpp(117,68): warning C4244:             T=float
C:\Users\ritaa\Desktop\ESTGL\EIT\Estrutura-Dados-Algoritmos\DiogoRafain\batalha-naval-cpp\MestreDasAguas\MestreDasAguas\Renderizacao.cpp(117,68): warning C4244:         ]
C:\Users\ritaa\Desktop\ESTGL\EIT\Estrutura-Dados-Algoritmos\DiogoRafain\batalha-naval-cpp\MestreDasAguas\MestreDasAguas\Renderizacao.cpp(142,78): warning C4244: 'argumento': conversão de 'T' para 'int', possível perda de dados
C:\Users\ritaa\Desktop\ESTGL\EIT\Estrutura-Dados-Algoritmos\DiogoRafain\batalha-naval-cpp\MestreDasAguas\MestreDasAguas\Renderizacao.cpp(142,78): warning C4244:         with
C:\Users\ritaa\Desktop\ESTGL\EIT\Estrutura-Dados-Algoritmos\DiogoRafain\batalha-naval-cpp\MestreDasAguas\MestreDasAguas\Renderizacao.cpp(142,78): warning C4244:         [
C:\Users\ritaa\Desktop\ESTGL\EIT\Estrutura-Dados-Algoritmos\DiogoRafain\batalha-naval-cpp\MestreDasAguas\MestreDasAguas\Renderizacao.cpp(142,78): warning C4244:             T=float
C:\Users\ritaa\Desktop\ESTGL\EIT\Estrutura-Dados-Algoritmos\DiogoRafain\batalha-naval-cpp\MestreDasAguas\MestreDasAguas\Renderizacao.cpp(142,78): warning C4244:         ]
C:\Users\ritaa\Desktop\ESTGL\EIT\Estrutura-Dados-Algoritmos\DiogoRafain\batalha-naval-cpp\MestreDasAguas\MestreDasAguas\Renderizacao.cpp(142,57): warning C4244: 'argumento': conversão de 'T' para 'int', possível perda de dados
C:\Users\ritaa\Desktop\ESTGL\EIT\Estrutura-Dados-Algoritmos\DiogoRafain\batalha-naval-cpp\MestreDasAguas\MestreDasAguas\Renderizacao.cpp(142,57): warning C4244:         with
C:\Users\ritaa\Desktop\ESTGL\EIT\Estrutura-Dados-Algoritmos\DiogoRafain\batalha-naval-cpp\MestreDasAguas\MestreDasAguas\Renderizacao.cpp(142,57): warning C4244:         [
C:\Users\ritaa\Desktop\ESTGL\EIT\Estrutura-Dados-Algoritmos\DiogoRafain\batalha-naval-cpp\MestreDasAguas\MestreDasAguas\Renderizacao.cpp(142,57): warning C4244:             T=float
C:\Users\ritaa\Desktop\ESTGL\EIT\Estrutura-Dados-Algoritmos\DiogoRafain\batalha-naval-cpp\MestreDasAguas\MestreDasAguas\Renderizacao.cpp(142,57): warning C4244:         ]
  MestreDasAguas.vcxproj -> C:\Users\ritaa\Desktop\ESTGL\EIT\Estrutura-Dados-Algoritmos\DiogoRafain\batalha-naval-cpp\MestreDasAguas\x64\Debug\MestreDasAguas.exe
